<?xml version="1.0" encoding="UTF-8"?>
<testsuite xmlns:xsi="http://www.w3.org/2001/XMLSchema-instance" xsi:noNamespaceSchemaLocation="https://maven.apache.org/surefire/maven-surefire-plugin/xsd/surefire-test-report-3.0.xsd" version="3.0" name="banktest.UserServiceTests" time="1.509" tests="4" errors="0" skipped="0" failures="0">
  <properties>
    <property name="sun.desktop" value="windows"/>
    <property name="awt.toolkit" value="sun.awt.windows.WToolkit"/>
    <property name="java.specification.version" value="11"/>
    <property name="sun.cpu.isalist" value="amd64"/>
    <property name="sun.jnu.encoding" value="Cp1252"/>
    <property name="java.class.path" value="C:\Users\svong\OneDrive\Desktop\FirstJavaProject\BankApplication\target\test-classes;C:\Users\svong\OneDrive\Desktop\FirstJavaProject\BankApplication\target\classes;C:\Users\svong\.m2\repository\junit\junit\4.13.1\junit-4.13.1.jar;C:\Users\svong\.m2\repository\org\hamcrest\hamcrest-core\1.3\hamcrest-core-1.3.jar;C:\Users\svong\.m2\repository\org\postgresql\postgresql\42.3.3\postgresql-42.3.3.jar;C:\Users\svong\.m2\repository\org\checkerframework\checker-qual\3.5.0\checker-qual-3.5.0.jar;C:\Users\svong\.m2\repository\log4j\log4j\1.2.17\log4j-1.2.17.jar;C:\Users\svong\.m2\repository\org\mockito\mockito-core\4.5.1\mockito-core-4.5.1.jar;C:\Users\svong\.m2\repository\net\bytebuddy\byte-buddy\1.12.9\byte-buddy-1.12.9.jar;C:\Users\svong\.m2\repository\net\bytebuddy\byte-buddy-agent\1.12.9\byte-buddy-agent-1.12.9.jar;C:\Users\svong\.m2\repository\org\objenesis\objenesis\3.2\objenesis-3.2.jar;"/>
    <property name="java.vm.vendor" value="Amazon.com Inc."/>
    <property name="sun.arch.data.model" value="64"/>
    <property name="user.variant" value=""/>
    <property name="java.vendor.url" value="https://aws.amazon.com/corretto/"/>
    <property name="user.timezone" value="America/Chicago"/>
    <property name="java.vm.specification.version" value="11"/>
    <property name="os.name" value="Windows 11"/>
    <property name="sun.java.launcher" value="SUN_STANDARD"/>
    <property name="user.country" value="US"/>
    <property name="sun.boot.library.path" value="C:\Program Files\Amazon Corretto\jdk11.0.15_9\bin"/>
    <property name="sun.java.command" value="C:\Users\svong\AppData\Local\Temp\surefire4951831435802026919\surefirebooter15995975780048048295.jar C:\Users\svong\AppData\Local\Temp\surefire4951831435802026919 2022-06-28T16-40-31_141-jvmRun1 surefire6134908852098273357tmp surefire_06447278403089942552tmp"/>
    <property name="jdk.debug" value="release"/>
    <property name="surefire.test.class.path" value="C:\Users\svong\OneDrive\Desktop\FirstJavaProject\BankApplication\target\test-classes;C:\Users\svong\OneDrive\Desktop\FirstJavaProject\BankApplication\target\classes;C:\Users\svong\.m2\repository\junit\junit\4.13.1\junit-4.13.1.jar;C:\Users\svong\.m2\repository\org\hamcrest\hamcrest-core\1.3\hamcrest-core-1.3.jar;C:\Users\svong\.m2\repository\org\postgresql\postgresql\42.3.3\postgresql-42.3.3.jar;C:\Users\svong\.m2\repository\org\checkerframework\checker-qual\3.5.0\checker-qual-3.5.0.jar;C:\Users\svong\.m2\repository\log4j\log4j\1.2.17\log4j-1.2.17.jar;C:\Users\svong\.m2\repository\org\mockito\mockito-core\4.5.1\mockito-core-4.5.1.jar;C:\Users\svong\.m2\repository\net\bytebuddy\byte-buddy\1.12.9\byte-buddy-1.12.9.jar;C:\Users\svong\.m2\repository\net\bytebuddy\byte-buddy-agent\1.12.9\byte-buddy-agent-1.12.9.jar;C:\Users\svong\.m2\repository\org\objenesis\objenesis\3.2\objenesis-3.2.jar;"/>
    <property name="sun.cpu.endian" value="little"/>
    <property name="user.home" value="C:\Users\svong"/>
    <property name="user.language" value="en"/>
    <property name="java.specification.vendor" value="Oracle Corporation"/>
    <property name="java.version.date" value="2022-04-19"/>
    <property name="java.home" value="C:\Program Files\Amazon Corretto\jdk11.0.15_9"/>
    <property name="file.separator" value="\"/>
    <property name="basedir" value="C:\Users\svong\OneDrive\Desktop\FirstJavaProject\BankApplication"/>
    <property name="java.vm.compressedOopsMode" value="Zero based"/>
    <property name="line.separator" value="&#10;"/>
    <property name="java.specification.name" value="Java Platform API Specification"/>
    <property name="java.vm.specification.vendor" value="Oracle Corporation"/>
    <property name="java.awt.graphicsenv" value="sun.awt.Win32GraphicsEnvironment"/>
    <property name="surefire.real.class.path" value="C:\Users\svong\AppData\Local\Temp\surefire4951831435802026919\surefirebooter15995975780048048295.jar"/>
    <property name="user.script" value=""/>
    <property name="sun.management.compiler" value="HotSpot 64-Bit Tiered Compilers"/>
    <property name="java.runtime.version" value="11.0.15+9-LTS"/>
    <property name="user.name" value="svong"/>
    <property name="path.separator" value=";"/>
    <property name="os.version" value="10.0"/>
    <property name="java.runtime.name" value="OpenJDK Runtime Environment"/>
    <property name="file.encoding" value="Cp1252"/>
    <property name="java.vm.name" value="OpenJDK 64-Bit Server VM"/>
    <property name="java.vendor.version" value="Corretto-11.0.15.9.1"/>
    <property name="localRepository" value="C:\Users\svong\.m2\repository"/>
    <property name="java.vendor.url.bug" value="https://github.com/corretto/corretto-11/issues/"/>
    <property name="java.io.tmpdir" value="C:\Users\svong\AppData\Local\Temp\"/>
    <property name="java.version" value="11.0.15"/>
    <property name="user.dir" value="C:\Users\svong\OneDrive\Desktop\FirstJavaProject\BankApplication"/>
    <property name="os.arch" value="amd64"/>
    <property name="java.vm.specification.name" value="Java Virtual Machine Specification"/>
    <property name="java.awt.printerjob" value="sun.awt.windows.WPrinterJob"/>
    <property name="sun.os.patch.level" value=""/>
    <property name="java.library.path" value="C:\Program Files\Amazon Corretto\jdk11.0.15_9\bin;C:\WINDOWS\Sun\Java\bin;C:\WINDOWS\system32;C:\WINDOWS;C:\Users\svong\bin;C:\Program Files\Git\mingw64\bin;C:\Program Files\Git\usr\local\bin;C:\Program Files\Git\usr\bin;C:\Program Files\Git\usr\bin;C:\Program Files\Git\mingw64\bin;C:\Program Files\Git\usr\bin;C:\Users\svong\bin;C:\Program Files\Amazon Corretto\jdk11.0.15_9\bin;C:\Program Files\Common Files\Oracle\Java\javapath;C:\Program Files (x86)\Razer Chroma SDK\bin;C:\Program Files\Razer Chroma SDK\bin;C:\Program Files (x86)\Razer\ChromaBroadcast\bin;C:\Program Files\Razer\ChromaBroadcast\bin;C:\Program Files\AdoptOpenJDK\jdk-11.0.9.101-hotspot\bin;C:\Windows\system32;C:\Windows;C:\Windows\System32\Wbem;C:\Windows\System32\WindowsPowerShell\v1.0;C:\Windows\System32\OpenSSH;C:\Program Files (x86)\Intel\Intel(R) Management Engine Components\DAL;C:\Program Files\Intel\Intel(R) Management Engine Components\DAL;C:\Program Files\NVIDIA Corporation\NVIDIA NGX;C:\Program Files (x86)\NVIDIA Corporation\PhysX\Common;C:\Program Files\NVIDIA Corporation\NVIDIA NvDLISR;C:\Program Files\dotnet;C:\Program Files\Microsoft SQL Server\130\Tools\Binn;C:\Program Files\Microsoft SQL Server\Client SDK\ODBC\170\Tools\Binn;C:\WINDOWS\system32;C:\WINDOWS;C:\WINDOWS\System32\Wbem;C:\WINDOWS\System32\WindowsPowerShell\v1.0;C:\WINDOWS\System32\OpenSSH;C:\WINDOWS\system32\config\systemprofile\AppData\Local\Microsoft\WindowsApps;C:\WINDOWS\system32;C:\WINDOWS;C:\WINDOWS\System32\Wbem;C:\WINDOWS\System32\WindowsPowerShell\v1.0;C:\WINDOWS\System32\OpenSSH;C:\Program Files (x86)\dotnet;C:\Program Files\Git\cmd;C:\Maven\apache-maven-3.8.6\bin;C:\myfolder;C:\Users\svong\jdk-11.0.9.1+1\bin;C:\Users\svong\AppData\Local\Microsoft\WindowsApps;C:\Users\svong\AppData\Local\Microsoft\WindowsApps;C:\Users\svong\AppData\Local\Programs\Microsoft VS Code\bin;C:\Program Files\JetBrains\PyCharm Community Edition 2021.3.2\bin;C:\Program Files\Git\usr\bin\vendor_perl;C:\Program Files\Git\usr\bin\core_perl;."/>
    <property name="java.vm.info" value="mixed mode"/>
    <property name="java.vendor" value="Amazon.com Inc."/>
    <property name="java.vm.version" value="11.0.15+9-LTS"/>
    <property name="sun.io.unicode.encoding" value="UnicodeLittle"/>
    <property name="java.class.version" value="55.0"/>
  </properties>
  <testcase name="testInsertedUserReturnedNegativeOne" classname="banktest.UserServiceTests" time="1.473">
    <system-out><![CDATA[Returning user....
]]></system-out>
  </testcase>
  <testcase name="tesRegisterUserReturnNewPKId" classname="banktest.UserServiceTests" time="0">
    <system-out><![CDATA[Returning user....
Successfully registered user with the Id of 46
]]></system-out>
  </testcase>
  <testcase name="testLoginReturnsUser" classname="banktest.UserServiceTests" time="0.006">
    <system-out><![CDATA[Successfully Logged in!
Reached the inside of the if statement
]]></system-out>
  </testcase>
  <testcase name="testRegisterUserWithNonZeroId" classname="banktest.UserServiceTests" time="0">
    <system-out><![CDATA[Returning user....
]]></system-out>
  </testcase>
</testsuite>